<?xml version="1.0" encoding="UTF-8"?>
<!-- Generated by org.testng.reporters.JUnitReportReporter -->
<testsuite hostname="DESKTOP-39SF93M" failures="1" tests="11" name="test_package.Test_CreateAccount" time="273.244" errors="0" timestamp="2021-08-22T09:14:08 EDT" skipped="0">
  <testcase classname="test_package.Test_CreateAccount" name="Title" time="35.567"/>
  <system-out/>
  <testcase classname="test_package.Test_CreateAccount" name="enterFirstNameTest" time="25.209"/>
  <system-out/>
  <testcase classname="test_package.Test_CreateAccount" name="enterLastNameTest" time="19.953"/>
  <system-out/>
  <testcase classname="test_package.Test_CreateAccount" name="enterValidPhoneTest" time="22.069"/>
  <system-out/>
  <testcase classname="test_package.Test_CreateAccount" name="enterValidEmailIdTest" time="21.373"/>
  <system-out/>
  <testcase classname="test_package.Test_CreateAccount" name="enterPasswordTest" time="23.496"/>
  <system-out/>
  <testcase classname="test_package.Test_CreateAccount" name="clickOnMktngChkboxTest" time="23.099"/>
  <system-out/>
  <testcase classname="test_package.Test_CreateAccount" name="clickOnTermsChkboxTest" time="24.219"/>
  <system-out/>
  <testcase classname="test_package.Test_CreateAccount" name="createAccountButtonTest" time="21.610"/>
  <system-out/>
  <testcase classname="test_package.Test_CreateAccount" name="Password_Show" time="25.932">
    <failure message="expected [Jatin@12345] but found []" type="java.lang.AssertionError">
      <![CDATA[java.lang.AssertionError: expected [Jatin@12345] but found []
at org.testng.Assert.fail(Assert.java:97)
at org.testng.Assert.assertEqualsImpl(Assert.java:136)
at org.testng.Assert.assertEquals(Assert.java:118)
at org.testng.Assert.assertEquals(Assert.java:575)
at org.testng.Assert.assertEquals(Assert.java:585)
at test_package.Test_CreateAccount.Password_Show(Test_CreateAccount.java:118)
at java.base/jdk.internal.reflect.NativeMethodAccessorImpl.invoke0(Native Method)
at java.base/jdk.internal.reflect.NativeMethodAccessorImpl.invoke(NativeMethodAccessorImpl.java:78)
at java.base/jdk.internal.reflect.DelegatingMethodAccessorImpl.invoke(DelegatingMethodAccessorImpl.java:43)
at java.base/java.lang.reflect.Method.invoke(Method.java:567)
at org.testng.internal.MethodInvocationHelper.invokeMethod(MethodInvocationHelper.java:134)
at org.testng.internal.TestInvoker.invokeMethod(TestInvoker.java:597)
at org.testng.internal.TestInvoker.invokeTestMethod(TestInvoker.java:173)
at org.testng.internal.MethodRunner.runInSequence(MethodRunner.java:46)
at org.testng.internal.TestInvoker$MethodInvocationAgent.invoke(TestInvoker.java:816)
at org.testng.internal.TestInvoker.invokeTestMethods(TestInvoker.java:146)
at org.testng.internal.TestMethodWorker.invokeTestMethods(TestMethodWorker.java:146)
at org.testng.internal.TestMethodWorker.run(TestMethodWorker.java:128)
at java.base/java.util.ArrayList.forEach(ArrayList.java:1511)
at org.testng.TestRunner.privateRun(TestRunner.java:766)
at org.testng.TestRunner.run(TestRunner.java:587)
at org.testng.SuiteRunner.runTest(SuiteRunner.java:384)
at org.testng.SuiteRunner.runSequentially(SuiteRunner.java:378)
at org.testng.SuiteRunner.privateRun(SuiteRunner.java:337)
at org.testng.SuiteRunner.run(SuiteRunner.java:286)
at org.testng.SuiteRunnerWorker.runSuite(SuiteRunnerWorker.java:53)
at org.testng.SuiteRunnerWorker.run(SuiteRunnerWorker.java:96)
at org.testng.TestNG.runSuitesSequentially(TestNG.java:1187)
at org.testng.TestNG.runSuitesLocally(TestNG.java:1109)
at org.testng.TestNG.runSuites(TestNG.java:1039)
at org.testng.TestNG.run(TestNG.java:1007)
at org.testng.remote.AbstractRemoteTestNG.run(AbstractRemoteTestNG.java:115)
at org.testng.remote.RemoteTestNG.initAndRun(RemoteTestNG.java:251)
at org.testng.remote.RemoteTestNG.main(RemoteTestNG.java:77)
]]>
    </failure>
  </testcase> <!-- Password_Show -->
  <system-out/>
  <testcase classname="test_package.Test_CreateAccount" name="valid_create_account" time="30.717"/>
  <system-out/>
</testsuite> <!-- test_package.Test_CreateAccount -->
